2026-05-10T18:45:22Z started pid=32603 interval=30s
2026-05-10T18:46:40Z stopped pid=32603
2026-05-10T19:08:13Z started pid=8077 interval=30s
2026-05-10T19:08:17Z scan=1 nodes=51 http=curl: (23) client returned ERROR on write of 49 bytes
500
2026-05-10T19:08:53Z scan=2 nodes=55 http=curl: (23) client returned ERROR on write of 49 bytes
500
2026-05-10T19:09:29Z scan=3 nodes=55 http=curl: (23) client returned ERROR on write of 49 bytes
500
2026-05-10T19:10:04Z scan=4 nodes=55 http=curl: (23) client returned ERROR on write of 49 bytes
500
2026-05-10T19:10:40Z scan=5 nodes=55 http=curl: (23) client returned ERROR on write of 49 bytes
500
2026-05-10T19:11:15Z scan=6 nodes=55 http=curl: (23) client returned ERROR on write of 49 bytes
500
2026-05-10T19:11:33Z stopped pid=8077
2026-05-10T19:11:36Z started pid=12321 interval=30s
2026-05-10T19:11:38Z started pid=12410 interval=30s
2026-05-10T19:11:39Z scan=1 nodes=55 http=curl: (23) client returned ERROR on write of 49 bytes
500
2026-05-10T19:11:42Z scan=1 nodes=55 http=curl: (23) client returned ERROR on write of 49 bytes
500
2026-05-10T19:12:15Z scan=2 nodes=55 http=curl: (23) client returned ERROR on write of 49 bytes
500
2026-05-10T19:12:17Z scan=2 nodes=55 http=curl: (23) client returned ERROR on write of 49 bytes
500
2026-05-10T19:12:52Z scan=3 nodes=55 http=curl: (23) client returned ERROR on write of 49 bytes
500
2026-05-10T19:12:53Z scan=3 nodes=55 http=curl: (23) client returned ERROR on write of 49 bytes
500
2026-05-10T19:13:27Z scan=4 nodes=55 http=curl: (23) client returned ERROR on write of 49 bytes
500
2026-05-10T19:13:28Z stopped pid=12410
2026-05-10T19:14:01Z scan=5 nodes=55 http=curl: (23) client returned ERROR on write of 49 bytes
500
2026-05-10T19:14:37Z scan=6 nodes=55 http=curl: (23) client returned ERROR on write of 49 bytes
500
2026-05-10T19:15:13Z scan=7 nodes=55 http=curl: (23) client returned ERROR on write of 49 bytes
500
2026-05-10T19:15:48Z scan=8 nodes=55 http=curl: (23) client returned ERROR on write of 49 bytes
500
2026-05-10T19:16:24Z scan=9 nodes=55 http=curl: (23) client returned ERROR on write of 49 bytes
500
2026-05-10T19:16:59Z scan=10 nodes=55 http=curl: (23) client returned ERROR on write of 49 bytes
500
2026-05-10T19:17:34Z scan=11 nodes=55 http=curl: (23) client returned ERROR on write of 49 bytes
500
2026-05-10T19:18:09Z scan=12 nodes=55 http=curl: (23) client returned ERROR on write of 49 bytes
500
2026-05-10T19:18:45Z scan=13 nodes=55 http=curl: (23) client returned ERROR on write of 49 bytes
500
2026-05-10T19:19:20Z scan=14 nodes=55 http=curl: (23) client returned ERROR on write of 49 bytes
500
2026-05-10T19:19:56Z scan=15 nodes=63 http=curl: (23) client returned ERROR on write of 49 bytes
500
2026-05-10T19:20:32Z scan=16 nodes=63 http=curl: (23) client returned ERROR on write of 49 bytes
500
2026-05-10T19:21:07Z scan=17 nodes=63 http=curl: (23) client returned ERROR on write of 49 bytes
500
2026-05-10T19:21:42Z scan=18 nodes=63 http=curl: (23) client returned ERROR on write of 49 bytes
500
2026-05-10T19:22:18Z scan=19 nodes=66 http=curl: (23) client returned ERROR on write of 49 bytes
500
2026-05-10T19:22:55Z scan=20 nodes=66 http=curl: (23) client returned ERROR on write of 49 bytes
500
2026-05-10T19:23:31Z scan=21 nodes=77 http=curl: (23) client returned ERROR on write of 49 bytes
500
2026-05-10T19:24:06Z scan=22 nodes=77 http=curl: (23) client returned ERROR on write of 49 bytes
500
2026-05-10T19:24:41Z scan=23 nodes=77 http=curl: (23) client returned ERROR on write of 49 bytes
500
2026-05-10T19:25:17Z scan=24 nodes=88 http=curl: (23) client returned ERROR on write of 49 bytes
500
2026-05-10T19:25:52Z scan=25 nodes=88 http=curl: (23) client returned ERROR on write of 49 bytes
500
2026-05-10T19:26:27Z scan=26 nodes=88 http=curl: (23) client returned ERROR on write of 49 bytes
500
2026-05-10T19:27:02Z scan=27 nodes=88 http=curl: (23) client returned ERROR on write of 49 bytes
500
2026-05-10T19:27:42Z scan=28 nodes=51 http=curl: (23) client returned ERROR on write of 49 bytes
500
2026-05-10T19:28:20Z scan=29 nodes=69 http=curl: (23) client returned ERROR on write of 49 bytes
500
2026-05-10T19:29:00Z scan=30 nodes=47 http=curl: (23) client returned ERROR on write of 49 bytes
500
2026-05-10T19:29:38Z scan=31 nodes=47 http=curl: (23) client returned ERROR on write of 49 bytes
500
2026-05-10T19:30:16Z scan=32 nodes=15 http=curl: (23) client returned ERROR on write of 49 bytes
500
2026-05-10T19:30:53Z scan=33 nodes=15 http=curl: (23) client returned ERROR on write of 49 bytes
500
2026-05-10T19:31:30Z scan=34 nodes=15 http=curl: (23) client returned ERROR on write of 49 bytes
500
2026-05-10T19:32:06Z scan=35 nodes=39 http=curl: (23) client returned ERROR on write of 49 bytes
500
2026-05-10T19:32:41Z scan=36 nodes=39 http=curl: (23) client returned ERROR on write of 49 bytes
500
2026-05-10T19:33:17Z scan=37 nodes=39 http=curl: (23) client returned ERROR on write of 49 bytes
500
2026-05-10T19:33:52Z scan=38 nodes=63 http=curl: (23) client returned ERROR on write of 49 bytes
500
2026-05-10T19:34:27Z scan=39 nodes=63 http=curl: (23) client returned ERROR on write of 49 bytes
500
2026-05-10T19:35:03Z scan=40 nodes=63 http=curl: (23) client returned ERROR on write of 49 bytes
500
2026-05-10T19:35:44Z scan=41 nodes=83 http=curl: (23) client returned ERROR on write of 49 bytes
500
2026-05-10T19:36:29Z scan=42 nodes=87 http=curl: (23) client returned ERROR on write of 49 bytes
500
2026-05-10T19:37:20Z scan=43 nodes=87 http=curl: (23) client returned ERROR on write of 49 bytes
500
2026-05-10T19:38:08Z scan=44 nodes=32 http=curl: (23) client returned ERROR on write of 49 bytes
500
2026-05-10T19:38:44Z scan=45 nodes=37 http=curl: (23) client returned ERROR on write of 49 bytes
500
2026-05-10T19:39:20Z scan=46 nodes=45 http=curl: (23) client returned ERROR on write of 49 bytes
500
2026-05-10T19:39:55Z scan=47 nodes=45 http=curl: (23) client returned ERROR on write of 49 bytes
500
2026-05-10T19:40:31Z scan=48 nodes=45 http=curl: (23) client returned ERROR on write of 49 bytes
500
2026-05-10T19:41:06Z scan=49 nodes=22 http=curl: (23) client returned ERROR on write of 49 bytes
500
2026-05-10T19:41:41Z scan=50 nodes=22 http=curl: (23) client returned ERROR on write of 49 bytes
500
2026-05-10T19:42:17Z scan=51 nodes=22 http=curl: (23) client returned ERROR on write of 49 bytes
500
2026-05-10T19:42:52Z scan=52 nodes=22 http=curl: (23) client returned ERROR on write of 49 bytes
500
2026-05-10T19:43:27Z scan=53 nodes=62 http=curl: (23) client returned ERROR on write of 49 bytes
500
2026-05-10T19:44:03Z scan=54 nodes=62 http=curl: (23) client returned ERROR on write of 49 bytes
500
2026-05-10T19:44:38Z scan=55 nodes=101 http=curl: (23) client returned ERROR on write of 49 bytes
500
2026-05-10T19:45:14Z scan=56 nodes=101 http=curl: (23) client returned ERROR on write of 49 bytes
500
2026-05-10T19:45:49Z scan=57 nodes=101 http=curl: (23) client returned ERROR on write of 49 bytes
500
2026-05-10T19:46:25Z scan=58 nodes=26 http=curl: (23) client returned ERROR on write of 49 bytes
500
2026-05-10T19:47:00Z scan=59 nodes=44 http=curl: (23) client returned ERROR on write of 49 bytes
500
2026-05-10T19:47:35Z scan=60 nodes=44 http=curl: (23) client returned ERROR on write of 49 bytes
500
2026-05-10T19:48:11Z scan=61 nodes=44 http=curl: (23) client returned ERROR on write of 49 bytes
500
2026-05-10T19:48:47Z scan=62 nodes=15 http=curl: (23) client returned ERROR on write of 49 bytes
500
2026-05-10T19:49:22Z scan=63 nodes=15 http=curl: (23) client returned ERROR on write of 49 bytes
500
2026-05-10T19:49:57Z scan=64 nodes=15 http=curl: (23) client returned ERROR on write of 49 bytes
500
2026-05-10T19:50:32Z scan=65 nodes=28 http=curl: (23) client returned ERROR on write of 49 bytes
500
2026-05-10T19:51:08Z scan=66 nodes=23 http=curl: (23) client returned ERROR on write of 49 bytes
500
2026-05-10T19:51:45Z scan=67 nodes=27 http=curl: (23) client returned ERROR on write of 49 bytes
500
2026-05-10T19:52:20Z scan=68 nodes=27 http=curl: (23) client returned ERROR on write of 49 bytes
500
2026-05-10T19:52:56Z scan=69 nodes=51 http=curl: (23) client returned ERROR on write of 49 bytes
500
2026-05-10T19:53:32Z scan=70 nodes=59 http=curl: (23) client returned ERROR on write of 49 bytes
500
2026-05-10T19:54:07Z scan=71 nodes=59 http=curl: (23) client returned ERROR on write of 49 bytes
500
2026-05-10T19:54:42Z scan=72 nodes=59 http=curl: (23) client returned ERROR on write of 49 bytes
500
2026-05-10T19:55:17Z scan=73 nodes=59 http=curl: (23) client returned ERROR on write of 49 bytes
500
2026-05-10T19:55:52Z scan=74 nodes=59 http=curl: (23) client returned ERROR on write of 49 bytes
500
2026-05-10T19:56:27Z scan=75 nodes=59 http=curl: (23) client returned ERROR on write of 49 bytes
500
2026-05-10T19:57:02Z scan=76 nodes=69 http=curl: (23) client returned ERROR on write of 49 bytes
500
2026-05-10T19:57:38Z scan=77 nodes=69 http=curl: (23) client returned ERROR on write of 49 bytes
500
2026-05-10T19:58:13Z scan=78 nodes=76 http=curl: (23) client returned ERROR on write of 49 bytes
500
2026-05-10T19:58:56Z scan=79 nodes=76 http=curl: (23) client returned ERROR on write of 49 bytes
500
2026-05-10T19:59:45Z scan=80 nodes=76 http=curl: (23) client returned ERROR on write of 49 bytes
500
2026-05-10T20:00:33Z scan=81 nodes=82 http=curl: (23) client returned ERROR on write of 49 bytes
500
2026-05-10T20:01:25Z scan=82 nodes=82 http=curl: (23) client returned ERROR on write of 49 bytes
500
2026-05-10T20:02:20Z scan=83 nodes=88 http=curl: (23) client returned ERROR on write of 49 bytes
500
2026-05-10T20:03:28Z scan=84 nodes=88 http=curl: (23) client returned ERROR on write of 49 bytes
500
2026-05-10T20:04:14Z scan=85 nodes=92 http=curl: (23) client returned ERROR on write of 49 bytes
500
2026-05-10T20:05:55Z scan=86 nodes=92 http=curl: (23) client returned ERROR on write of 49 bytes
500
2026-05-10T20:06:46Z scan=87 nodes=94 http=curl: (23) client returned ERROR on write of 49 bytes
500
2026-05-10T20:07:31Z scan=88 nodes=94 http=curl: (23) client returned ERROR on write of 49 bytes
500
2026-05-10T20:08:13Z scan=89 nodes=95 http=curl: (23) client returned ERROR on write of 49 bytes
500
2026-05-10T20:09:08Z scan=90 nodes=95 http=curl: (23) client returned ERROR on write of 49 bytes
500
2026-05-10T20:10:01Z scan=91 nodes=95 http=curl: (23) client returned ERROR on write of 49 bytes
500
2026-05-10T20:10:37Z scan=92 nodes=95 http=curl: (23) client returned ERROR on write of 49 bytes
500
2026-05-10T20:11:12Z scan=93 nodes=95 http=curl: (23) client returned ERROR on write of 49 bytes
500
2026-05-10T20:11:47Z scan=94 nodes=95 http=curl: (23) client returned ERROR on write of 49 bytes
500
2026-05-10T20:12:22Z scan=95 nodes=95 http=curl: (23) client returned ERROR on write of 49 bytes
500
2026-05-10T20:12:57Z scan=96 nodes=95 http=curl: (23) client returned ERROR on write of 49 bytes
500
2026-05-10T20:13:32Z scan=97 nodes=95 http=curl: (23) client returned ERROR on write of 49 bytes
500
2026-05-10T20:14:08Z scan=98 nodes=95 http=curl: (23) client returned ERROR on write of 49 bytes
500
2026-05-10T20:14:44Z scan=99 nodes=95 http=curl: (23) client returned ERROR on write of 49 bytes
500
2026-05-10T20:15:21Z scan=100 nodes=95 http=curl: (23) client returned ERROR on write of 49 bytes
500
2026-05-10T20:16:12Z scan=101 nodes=95 http=curl: (23) client returned ERROR on write of 49 bytes
500
2026-05-10T20:16:59Z scan=102 nodes=95 http=curl: (23) client returned ERROR on write of 49 bytes
500
2026-05-10T20:17:42Z scan=103 nodes=95 http=curl: (23) client returned ERROR on write of 49 bytes
500
2026-05-10T20:18:19Z scan=104 nodes=95 http=curl: (23) client returned ERROR on write of 49 bytes
500
2026-05-10T20:18:55Z scan=105 nodes=95 http=curl: (23) client returned ERROR on write of 49 bytes
500
2026-05-10T20:19:31Z scan=106 nodes=95 http=curl: (23) client returned ERROR on write of 49 bytes
500
2026-05-10T20:20:11Z scan=107 nodes=95 http=curl: (23) client returned ERROR on write of 49 bytes
500
2026-05-10T20:20:51Z scan=108 nodes=95 http=curl: (23) client returned ERROR on write of 49 bytes
500
2026-05-10T20:21:30Z scan=109 nodes=98 http=curl: (23) client returned ERROR on write of 49 bytes
500
2026-05-10T20:22:06Z scan=110 nodes=98 http=curl: (23) client returned ERROR on write of 49 bytes
500
2026-05-10T20:22:43Z scan=111 nodes=98 http=curl: (23) client returned ERROR on write of 49 bytes
500
2026-05-10T20:23:19Z scan=112 nodes=98 http=curl: (23) client returned ERROR on write of 49 bytes
500
2026-05-10T20:24:00Z scan=113 nodes=98 http=curl: (23) client returned ERROR on write of 49 bytes
500
2026-05-10T20:24:38Z scan=114 nodes=98 http=curl: (23) client returned ERROR on write of 49 bytes
500
2026-05-10T20:25:16Z scan=115 nodes=98 http=curl: (23) client returned ERROR on write of 49 bytes
500
2026-05-10T20:25:53Z scan=116 nodes=99 http=curl: (23) client returned ERROR on write of 49 bytes
500
2026-05-10T20:26:29Z scan=117 nodes=99 http=curl: (23) client returned ERROR on write of 49 bytes
500
2026-05-10T20:27:06Z scan=118 nodes=99 http=curl: (23) client returned ERROR on write of 49 bytes
500
2026-05-10T20:27:44Z scan=119 nodes=101 http=curl: (23) client returned ERROR on write of 49 bytes
500
2026-05-10T20:28:21Z scan=120 nodes=101 http=curl: (23) client returned ERROR on write of 49 bytes
500
2026-05-10T20:28:58Z scan=121 nodes=101 http=curl: (23) client returned ERROR on write of 49 bytes
500
2026-05-10T20:29:35Z scan=122 nodes=102 http=curl: (23) client returned ERROR on write of 49 bytes
500
2026-05-10T20:30:13Z scan=123 nodes=102 http=curl: (23) client returned ERROR on write of 49 bytes
500
2026-05-10T20:30:50Z scan=124 nodes=102 http=curl: (23) client returned ERROR on write of 49 bytes
500
2026-05-10T20:31:27Z scan=125 nodes=102 http=curl: (23) client returned ERROR on write of 49 bytes
500
2026-05-10T20:32:11Z scan=126 nodes=102 http=curl: (23) client returned ERROR on write of 49 bytes
500
2026-05-10T20:33:04Z scan=127 nodes=102 http=curl: (23) client returned ERROR on write of 49 bytes
500
2026-05-10T20:33:49Z scan=128 nodes=102 http=curl: (23) client returned ERROR on write of 49 bytes
500
2026-05-10T20:34:46Z scan=129 nodes=102 http=curl: (23) client returned ERROR on write of 49 bytes
500
2026-05-10T20:35:23Z scan=130 nodes=102 http=curl: (23) client returned ERROR on write of 49 bytes
500
2026-05-10T20:36:14Z scan=131 nodes=102 http=curl: (23) client returned ERROR on write of 49 bytes
500
2026-05-10T20:36:54Z scan=132 nodes=102 http=curl: (23) client returned ERROR on write of 49 bytes
500
2026-05-10T20:37:31Z scan=133 nodes=102 http=curl: (23) client returned ERROR on write of 49 bytes
500
2026-05-10T20:38:09Z scan=134 nodes=102 http=curl: (23) client returned ERROR on write of 49 bytes
500
2026-05-10T20:39:13Z scan=135 nodes=102 http=curl: (23) client returned ERROR on write of 49 bytes
500
2026-05-10T20:39:55Z scan=136 nodes=102 http=curl: (23) client returned ERROR on write of 49 bytes
500
2026-05-10T20:40:48Z scan=137 nodes=102 http=curl: (23) client returned ERROR on write of 49 bytes
500
2026-05-10T20:41:43Z scan=138 nodes=102 http=curl: (23) client returned ERROR on write of 49 bytes
500
2026-05-10T20:42:39Z scan=139 nodes=102 http=curl: (23) client returned ERROR on write of 49 bytes
500
2026-05-10T20:43:26Z scan=140 nodes=102 http=curl: (23) client returned ERROR on write of 49 bytes
500
2026-05-10T20:44:05Z scan=141 nodes=102 http=curl: (23) client returned ERROR on write of 49 bytes
500
2026-05-10T20:44:53Z scan=142 nodes=102 http=curl: (23) client returned ERROR on write of 49 bytes
500
2026-05-10T20:45:37Z scan=143 nodes=102 http=curl: (23) client returned ERROR on write of 49 bytes
500
2026-05-10T20:46:22Z scan=144 nodes=102 http=curl: (23) client returned ERROR on write of 49 bytes
500
2026-05-10T20:47:16Z scan=145 nodes=102 http=curl: (23) client returned ERROR on write of 49 bytes
500
2026-05-10T20:48:07Z scan=146 nodes=102 http=curl: (23) client returned ERROR on write of 49 bytes
500
2026-05-10T20:49:05Z scan=147 nodes=102 http=curl: (23) client returned ERROR on write of 49 bytes
500
2026-05-10T20:49:53Z scan=148 nodes=102 http=curl: (23) client returned ERROR on write of 49 bytes
500
2026-05-10T20:50:29Z scan=149 nodes=102 http=curl: (23) client returned ERROR on write of 49 bytes
500
2026-05-10T20:51:09Z scan=150 nodes=102 http=curl: (23) client returned ERROR on write of 49 bytes
500
2026-05-10T20:51:59Z scan=151 nodes=102 http=curl: (23) client returned ERROR on write of 49 bytes
500
2026-05-10T20:53:03Z scan=152 nodes=102 http=curl: (23) client returned ERROR on write of 49 bytes
500
2026-05-10T20:53:57Z scan=153 nodes=102 http=curl: (23) client returned ERROR on write of 49 bytes
500
2026-05-10T20:54:41Z scan=154 nodes=102 http=curl: (23) client returned ERROR on write of 49 bytes
500
2026-05-10T20:55:18Z scan=155 nodes=102 http=curl: (23) client returned ERROR on write of 49 bytes
500
2026-05-10T20:55:57Z scan=156 nodes=102 http=curl: (23) client returned ERROR on write of 49 bytes
500
2026-05-10T20:56:34Z scan=157 nodes=102 http=curl: (23) client returned ERROR on write of 49 bytes
500
2026-05-10T20:57:12Z scan=158 nodes=102 http=curl: (23) client returned ERROR on write of 49 bytes
500
2026-05-10T20:57:52Z scan=159 nodes=102 http=curl: (23) client returned ERROR on write of 49 bytes
500
2026-05-10T20:58:30Z scan=160 nodes=102 http=curl: (23) client returned ERROR on write of 49 bytes
500
2026-05-10T20:59:07Z scan=161 nodes=102 http=curl: (23) client returned ERROR on write of 49 bytes
500
2026-05-10T20:59:43Z scan=162 nodes=102 http=curl: (23) client returned ERROR on write of 49 bytes
500
2026-05-10T21:00:19Z scan=163 nodes=102 http=curl: (23) client returned ERROR on write of 49 bytes
500
2026-05-10T21:00:56Z scan=164 nodes=102 http=curl: (23) client returned ERROR on write of 49 bytes
500
2026-05-10T21:01:33Z scan=165 nodes=102 http=curl: (23) client returned ERROR on write of 49 bytes
500
2026-05-10T21:02:10Z scan=166 nodes=102 http=curl: (23) client returned ERROR on write of 49 bytes
500
2026-05-10T21:02:47Z scan=167 nodes=102 http=curl: (23) client returned ERROR on write of 49 bytes
500
2026-05-10T21:03:28Z scan=168 nodes=102 http=curl: (23) client returned ERROR on write of 49 bytes
500
2026-05-10T21:04:22Z scan=169 nodes=102 http=curl: (23) client returned ERROR on write of 49 bytes
500
2026-05-10T21:05:05Z scan=170 nodes=102 http=curl: (23) client returned ERROR on write of 49 bytes
500
2026-05-10T21:05:44Z scan=171 nodes=102 http=curl: (23) client returned ERROR on write of 49 bytes
500
2026-05-10T21:06:27Z scan=172 nodes=102 http=curl: (23) client returned ERROR on write of 49 bytes
500
2026-05-10T21:07:24Z scan=173 nodes=102 http=curl: (23) client returned ERROR on write of 49 bytes
500
2026-05-10T21:08:36Z scan=174 nodes=102 http=curl: (23) client returned ERROR on write of 49 bytes
500
2026-05-10T21:09:40Z scan=175 nodes=102 http=curl: (23) client returned ERROR on write of 49 bytes
500
2026-05-10T21:10:28Z scan=176 nodes=102 http=curl: (23) client returned ERROR on write of 49 bytes
500
2026-05-10T21:11:14Z scan=177 nodes=102 http=curl: (23) client returned ERROR on write of 49 bytes
500
2026-05-10T21:12:10Z scan=178 nodes=102 http=curl: (23) client returned ERROR on write of 49 bytes
500
2026-05-10T21:12:47Z scan=179 nodes=102 http=curl: (23) client returned ERROR on write of 49 bytes
500
2026-05-10T21:13:32Z scan=180 nodes=102 http=curl: (23) client returned ERROR on write of 49 bytes
500
2026-05-10T21:14:21Z scan=181 nodes=102 http=curl: (23) client returned ERROR on write of 49 bytes
500
2026-05-10T21:15:12Z scan=182 nodes=102 http=curl: (23) client returned ERROR on write of 49 bytes
500
2026-05-10T21:16:06Z scan=183 nodes=102 http=curl: (23) client returned ERROR on write of 49 bytes
500
2026-05-10T21:17:00Z scan=184 nodes=102 http=curl: (23) client returned ERROR on write of 49 bytes
500
2026-05-10T21:17:47Z scan=185 nodes=102 http=curl: (23) client returned ERROR on write of 49 bytes
500
2026-05-10T21:18:46Z scan=186 nodes=102 http=curl: (23) client returned ERROR on write of 49 bytes
500
2026-05-10T21:19:58Z scan=187 nodes=102 http=curl: (23) client returned ERROR on write of 49 bytes
500
2026-05-10T21:21:02Z scan=188 nodes=102 http=curl: (23) client returned ERROR on write of 49 bytes
500
2026-05-10T21:22:25Z scan=189 nodes=102 http=curl: (23) client returned ERROR on write of 49 bytes
500
2026-05-10T21:23:34Z scan=190 nodes=102 http=curl: (23) client returned ERROR on write of 49 bytes
500
2026-05-10T21:24:26Z scan=191 nodes=102 http=curl: (23) client returned ERROR on write of 49 bytes
500
2026-05-10T21:25:11Z scan=192 nodes=102 http=curl: (23) client returned ERROR on write of 49 bytes
500
2026-05-10T21:25:49Z scan=193 nodes=102 http=curl: (23) client returned ERROR on write of 49 bytes
500
2026-05-10T21:26:35Z scan=194 nodes=102 http=curl: (23) client returned ERROR on write of 49 bytes
500
2026-05-10T21:27:20Z scan=195 nodes=102 http=curl: (23) client returned ERROR on write of 49 bytes
500
2026-05-10T21:28:02Z scan=196 nodes=102 http=curl: (23) client returned ERROR on write of 49 bytes
500
2026-05-10T21:28:38Z scan=197 nodes=102 http=curl: (23) client returned ERROR on write of 49 bytes
500
2026-05-10T21:29:15Z scan=198 nodes=102 http=curl: (23) client returned ERROR on write of 49 bytes
500
2026-05-10T21:29:51Z scan=199 nodes=102 http=curl: (23) client returned ERROR on write of 49 bytes
500
2026-05-10T21:30:28Z scan=200 nodes=102 http=curl: (23) client returned ERROR on write of 49 bytes
500
2026-05-10T21:31:04Z scan=201 nodes=102 http=curl: (23) client returned ERROR on write of 49 bytes
500
2026-05-10T21:31:40Z scan=202 nodes=102 http=curl: (23) client returned ERROR on write of 49 bytes
500
2026-05-10T21:32:15Z scan=203 nodes=102 http=curl: (23) client returned ERROR on write of 49 bytes
500
2026-05-10T21:32:50Z scan=204 nodes=102 http=curl: (23) client returned ERROR on write of 49 bytes
500
2026-05-10T21:33:25Z scan=205 nodes=102 http=curl: (23) client returned ERROR on write of 49 bytes
500
2026-05-10T21:34:00Z scan=206 nodes=102 http=curl: (23) client returned ERROR on write of 49 bytes
500
2026-05-10T21:34:35Z scan=207 nodes=102 http=curl: (23) client returned ERROR on write of 49 bytes
500
2026-05-10T21:35:11Z scan=208 nodes=102 http=curl: (23) client returned ERROR on write of 49 bytes
500
2026-05-10T21:35:46Z scan=209 nodes=102 http=curl: (23) client returned ERROR on write of 49 bytes
500
2026-05-10T21:36:21Z scan=210 nodes=102 http=curl: (23) client returned ERROR on write of 49 bytes
500
2026-05-10T21:36:56Z scan=211 nodes=102 http=curl: (23) client returned ERROR on write of 49 bytes
500
2026-05-10T21:37:31Z scan=212 nodes=102 http=curl: (23) client returned ERROR on write of 49 bytes
500
2026-05-10T21:38:06Z scan=213 nodes=102 http=curl: (23) client returned ERROR on write of 49 bytes
500
2026-05-10T21:38:41Z scan=214 nodes=102 http=curl: (23) client returned ERROR on write of 49 bytes
500
2026-05-10T21:39:16Z scan=215 nodes=102 http=curl: (23) client returned ERROR on write of 49 bytes
500
2026-05-10T21:39:51Z scan=216 nodes=102 http=curl: (23) client returned ERROR on write of 49 bytes
500
2026-05-10T21:40:26Z scan=217 nodes=102 http=curl: (23) client returned ERROR on write of 49 bytes
500
2026-05-10T21:41:01Z scan=218 nodes=102 http=curl: (23) client returned ERROR on write of 49 bytes
500
2026-05-10T21:41:36Z scan=219 nodes=102 http=curl: (23) client returned ERROR on write of 49 bytes
500
2026-05-10T21:42:12Z scan=220 nodes=102 http=curl: (23) client returned ERROR on write of 49 bytes
500
2026-05-10T21:42:47Z scan=221 nodes=102 http=curl: (23) client returned ERROR on write of 49 bytes
500
2026-05-10T21:43:22Z scan=222 nodes=102 http=curl: (23) client returned ERROR on write of 49 bytes
500
2026-05-10T21:43:57Z scan=223 nodes=102 http=curl: (23) client returned ERROR on write of 49 bytes
500
2026-05-10T21:44:32Z scan=224 nodes=102 http=curl: (23) client returned ERROR on write of 49 bytes
500
2026-05-10T21:45:07Z scan=225 nodes=102 http=curl: (23) client returned ERROR on write of 49 bytes
500
2026-05-10T21:45:42Z scan=226 nodes=102 http=curl: (23) client returned ERROR on write of 49 bytes
500
2026-05-10T21:46:17Z scan=227 nodes=102 http=curl: (23) client returned ERROR on write of 49 bytes
500
2026-05-10T21:46:52Z scan=228 nodes=102 http=curl: (23) client returned ERROR on write of 49 bytes
500
2026-05-10T21:47:28Z scan=229 nodes=102 http=curl: (23) client returned ERROR on write of 49 bytes
500
2026-05-10T21:48:03Z scan=230 nodes=102 http=curl: (23) client returned ERROR on write of 49 bytes
500
2026-05-10T21:48:38Z scan=231 nodes=102 http=curl: (23) client returned ERROR on write of 49 bytes
500
2026-05-10T21:49:13Z scan=232 nodes=102 http=curl: (23) client returned ERROR on write of 49 bytes
500
2026-05-10T21:49:48Z scan=233 nodes=102 http=curl: (23) client returned ERROR on write of 49 bytes
500
2026-05-10T21:50:23Z scan=234 nodes=102 http=curl: (23) client returned ERROR on write of 49 bytes
500
2026-05-10T21:50:58Z scan=235 nodes=102 http=curl: (23) client returned ERROR on write of 49 bytes
500
2026-05-10T21:51:33Z scan=236 nodes=102 http=curl: (23) client returned ERROR on write of 49 bytes
500
2026-05-10T21:52:08Z scan=237 nodes=102 http=curl: (23) client returned ERROR on write of 49 bytes
500
2026-05-10T21:52:43Z scan=238 nodes=102 http=curl: (23) client returned ERROR on write of 49 bytes
500
2026-05-10T21:53:18Z scan=239 nodes=102 http=curl: (23) client returned ERROR on write of 49 bytes
500
2026-05-10T21:53:55Z scan=240 nodes=102 http=curl: (23) client returned ERROR on write of 49 bytes
500
2026-05-10T21:54:31Z scan=241 nodes=105 http=curl: (23) client returned ERROR on write of 49 bytes
500
2026-05-10T21:55:08Z scan=242 nodes=105 http=curl: (23) client returned ERROR on write of 49 bytes
500
2026-05-10T21:55:44Z scan=243 nodes=105 http=curl: (23) client returned ERROR on write of 49 bytes
500
2026-05-10T21:56:21Z scan=244 nodes=108 http=curl: (23) client returned ERROR on write of 49 bytes
500
2026-05-10T21:56:58Z scan=245 nodes=108 http=curl: (23) client returned ERROR on write of 49 bytes
500
2026-05-10T21:57:35Z scan=246 nodes=108 http=curl: (23) client returned ERROR on write of 49 bytes
500
2026-05-10T21:58:11Z scan=247 nodes=109 http=curl: (23) client returned ERROR on write of 49 bytes
500
2026-05-10T21:58:48Z scan=248 nodes=109 http=curl: (23) client returned ERROR on write of 49 bytes
500
2026-05-10T21:59:25Z scan=249 nodes=109 http=curl: (23) client returned ERROR on write of 49 bytes
500
2026-05-10T22:00:02Z scan=250 nodes=109 http=curl: (23) client returned ERROR on write of 49 bytes
500
2026-05-10T22:00:39Z scan=251 nodes=109 http=curl: (23) client returned ERROR on write of 49 bytes
500
2026-05-10T22:01:15Z scan=252 nodes=109 http=curl: (23) client returned ERROR on write of 49 bytes
500
2026-05-10T22:01:52Z scan=253 nodes=109 http=curl: (23) client returned ERROR on write of 49 bytes
500
2026-05-10T22:02:29Z scan=254 nodes=110 http=curl: (23) client returned ERROR on write of 49 bytes
500
2026-05-10T22:03:05Z scan=255 nodes=110 http=curl: (23) client returned ERROR on write of 49 bytes
500
2026-05-10T22:03:40Z scan=256 nodes=110 http=curl: (23) client returned ERROR on write of 49 bytes
500
2026-05-10T22:04:15Z scan=257 nodes=110 http=curl: (23) client returned ERROR on write of 49 bytes
500
2026-05-10T22:04:50Z scan=258 nodes=110 http=curl: (23) client returned ERROR on write of 49 bytes
500
2026-05-10T22:05:26Z scan=259 nodes=110 http=curl: (23) client returned ERROR on write of 49 bytes
500
2026-05-10T22:06:01Z scan=260 nodes=110 http=curl: (23) client returned ERROR on write of 49 bytes
500
2026-05-10T22:06:36Z scan=261 nodes=110 http=curl: (23) client returned ERROR on write of 49 bytes
500
2026-05-10T22:07:11Z scan=262 nodes=110 http=curl: (23) client returned ERROR on write of 49 bytes
500
2026-05-10T22:07:47Z scan=263 nodes=110 http=curl: (23) client returned ERROR on write of 49 bytes
500
2026-05-10T22:08:22Z scan=264 nodes=110 http=curl: (23) client returned ERROR on write of 49 bytes
500
2026-05-10T22:08:58Z scan=265 nodes=110 http=curl: (23) client returned ERROR on write of 49 bytes
500
2026-05-10T22:09:33Z scan=266 nodes=110 http=curl: (23) client returned ERROR on write of 49 bytes
500
2026-05-10T22:10:09Z scan=267 nodes=110 http=curl: (23) client returned ERROR on write of 49 bytes
500
2026-05-10T22:10:45Z scan=268 nodes=110 http=curl: (23) client returned ERROR on write of 49 bytes
500
2026-05-10T22:11:21Z scan=269 nodes=110 http=curl: (23) client returned ERROR on write of 49 bytes
500
2026-05-10T22:11:56Z scan=270 nodes=110 http=curl: (23) client returned ERROR on write of 49 bytes
500
2026-05-10T22:12:33Z scan=271 nodes=110 http=curl: (23) client returned ERROR on write of 49 bytes
500
2026-05-10T22:13:08Z scan=272 nodes=110 http=curl: (23) client returned ERROR on write of 49 bytes
500
2026-05-10T22:13:44Z scan=273 nodes=110 http=curl: (23) client returned ERROR on write of 49 bytes
500
2026-05-10T22:14:19Z scan=274 nodes=110 http=curl: (23) client returned ERROR on write of 49 bytes
500
2026-05-10T22:14:54Z scan=275 nodes=110 http=curl: (23) client returned ERROR on write of 49 bytes
500
2026-05-10T22:15:30Z scan=276 nodes=110 http=curl: (23) client returned ERROR on write of 49 bytes
500
2026-05-10T22:16:05Z scan=277 nodes=110 http=curl: (23) client returned ERROR on write of 49 bytes
500
2026-05-10T22:16:41Z scan=278 nodes=110 http=curl: (23) client returned ERROR on write of 49 bytes
500
2026-05-10T22:17:15Z scan=279 nodes=110 http=curl: (23) client returned ERROR on write of 49 bytes
500
2026-05-10T22:17:52Z scan=280 nodes=110 http=curl: (23) client returned ERROR on write of 49 bytes
500
2026-05-10T22:18:28Z scan=281 nodes=110 http=curl: (23) client returned ERROR on write of 49 bytes
500
2026-05-10T22:19:03Z scan=282 nodes=110 http=curl: (23) client returned ERROR on write of 49 bytes
500
2026-05-10T22:19:38Z scan=283 nodes=110 http=curl: (23) client returned ERROR on write of 49 bytes
500
2026-05-10T22:20:14Z scan=284 nodes=110 http=curl: (23) client returned ERROR on write of 49 bytes
500
2026-05-10T22:20:49Z scan=285 nodes=110 http=curl: (23) client returned ERROR on write of 49 bytes
500
2026-05-10T22:21:24Z scan=286 nodes=110 http=curl: (23) client returned ERROR on write of 49 bytes
500
2026-05-10T22:21:59Z scan=287 nodes=110 http=curl: (23) client returned ERROR on write of 49 bytes
500
2026-05-10T22:22:36Z scan=288 nodes=110 http=curl: (23) client returned ERROR on write of 49 bytes
500
2026-05-10T22:23:11Z scan=289 nodes=110 http=curl: (23) client returned ERROR on write of 49 bytes
500
2026-05-10T22:23:46Z scan=290 nodes=110 http=curl: (23) client returned ERROR on write of 49 bytes
500
2026-05-10T22:24:22Z scan=291 nodes=111 http=curl: (23) client returned ERROR on write of 49 bytes
500
2026-05-10T22:24:57Z scan=292 nodes=111 http=curl: (23) client returned ERROR on write of 49 bytes
500
2026-05-10T22:25:32Z scan=293 nodes=111 http=curl: (23) client returned ERROR on write of 49 bytes
500
2026-05-10T22:26:07Z scan=294 nodes=111 http=curl: (23) client returned ERROR on write of 49 bytes
500
2026-05-10T22:26:42Z scan=295 nodes=111 http=curl: (23) client returned ERROR on write of 49 bytes
500
2026-05-10T22:27:17Z scan=296 nodes=111 http=curl: (23) client returned ERROR on write of 49 bytes
500
2026-05-10T22:27:53Z scan=297 nodes=111 http=curl: (23) client returned ERROR on write of 49 bytes
500
2026-05-10T22:28:28Z scan=298 nodes=111 http=curl: (23) client returned ERROR on write of 49 bytes
500
2026-05-10T22:29:03Z scan=299 nodes=111 http=curl: (23) client returned ERROR on write of 49 bytes
500
2026-05-10T22:29:39Z scan=300 nodes=111 http=curl: (23) client returned ERROR on write of 49 bytes
500
2026-05-10T22:30:14Z scan=301 nodes=111 http=curl: (23) client returned ERROR on write of 49 bytes
500
2026-05-10T22:30:49Z scan=302 nodes=111 http=curl: (23) client returned ERROR on write of 49 bytes
500
2026-05-10T22:31:24Z scan=303 nodes=111 http=curl: (23) client returned ERROR on write of 49 bytes
500
2026-05-10T22:32:00Z scan=304 nodes=111 http=curl: (23) client returned ERROR on write of 49 bytes
500
2026-05-10T22:32:35Z scan=305 nodes=111 http=curl: (23) client returned ERROR on write of 49 bytes
500
2026-05-10T22:33:10Z scan=306 nodes=111 http=curl: (23) client returned ERROR on write of 49 bytes
500
2026-05-10T22:33:45Z scan=307 nodes=111 http=curl: (23) client returned ERROR on write of 49 bytes
500
2026-05-10T22:34:20Z scan=308 nodes=112 http=curl: (23) client returned ERROR on write of 49 bytes
500
2026-05-10T22:34:55Z scan=309 nodes=112 http=curl: (23) client returned ERROR on write of 49 bytes
500
2026-05-10T22:35:30Z scan=310 nodes=112 http=curl: (23) client returned ERROR on write of 49 bytes
500
2026-05-10T22:36:05Z scan=311 nodes=112 http=curl: (23) client returned ERROR on write of 49 bytes
500
2026-05-10T22:36:41Z scan=312 nodes=112 http=curl: (23) client returned ERROR on write of 49 bytes
500
2026-05-10T22:37:16Z scan=313 nodes=112 http=curl: (23) client returned ERROR on write of 49 bytes
500
2026-05-10T22:37:51Z scan=314 nodes=112 http=curl: (23) client returned ERROR on write of 49 bytes
500
2026-05-10T22:38:26Z scan=315 nodes=113 http=curl: (23) client returned ERROR on write of 49 bytes
500
2026-05-10T22:39:01Z scan=316 nodes=113 http=curl: (23) client returned ERROR on write of 49 bytes
500
2026-05-10T22:39:36Z scan=317 nodes=113 http=curl: (23) client returned ERROR on write of 49 bytes
500
2026-05-10T22:40:11Z scan=318 nodes=113 http=curl: (23) client returned ERROR on write of 49 bytes
500
2026-05-10T22:40:46Z scan=319 nodes=113 http=curl: (23) client returned ERROR on write of 49 bytes
500
2026-05-10T22:41:22Z scan=320 nodes=113 http=curl: (23) client returned ERROR on write of 49 bytes
500
2026-05-10T22:41:57Z scan=321 nodes=113 http=curl: (23) client returned ERROR on write of 49 bytes
500
2026-05-10T22:42:32Z scan=322 nodes=113 http=curl: (23) client returned ERROR on write of 49 bytes
500
2026-05-10T22:43:07Z scan=323 nodes=113 http=curl: (23) client returned ERROR on write of 49 bytes
500
2026-05-10T22:43:42Z scan=324 nodes=113 http=curl: (23) client returned ERROR on write of 49 bytes
500
2026-05-10T22:44:17Z scan=325 nodes=113 http=curl: (23) client returned ERROR on write of 49 bytes
500
2026-05-10T22:44:52Z scan=326 nodes=113 http=curl: (23) client returned ERROR on write of 49 bytes
500
2026-05-10T22:45:27Z scan=327 nodes=113 http=curl: (23) client returned ERROR on write of 49 bytes
500
2026-05-10T22:46:02Z scan=328 nodes=113 http=curl: (23) client returned ERROR on write of 49 bytes
500
2026-05-10T22:46:50Z scan=329 nodes=113 http=curl: (23) client returned ERROR on write of 49 bytes
500
2026-05-10T22:48:04Z scan=330 nodes=113 http=curl: (23) client returned ERROR on write of 49 bytes
500
2026-05-10T22:53:15Z scan=331 nodes=113 http=curl: (23) client returned ERROR on write of 49 bytes
500
2026-05-10T22:54:52Z scan=332 nodes=113 http=curl: (23) client returned ERROR on write of 49 bytes
500
2026-05-10T22:55:27Z scan=333 nodes=113 http=curl: (23) client returned ERROR on write of 49 bytes
500
2026-05-10T22:56:11Z scan=334 nodes=113 http=curl: (23) client returned ERROR on write of 49 bytes
500
2026-05-10T22:57:50Z scan=335 nodes=113 http=curl: (23) client returned ERROR on write of 49 bytes
500
2026-05-10T23:01:01Z scan=336 nodes=113 http=curl: (23) client returned ERROR on write of 49 bytes
500
2026-05-10T23:02:38Z scan=337 nodes=113 http=curl: (23) client returned ERROR on write of 49 bytes
500
2026-05-10T23:03:18Z scan=338 nodes=113 http=curl: (23) client returned ERROR on write of 49 bytes
500
2026-05-10T23:03:53Z scan=339 nodes=113 http=curl: (23) client returned ERROR on write of 49 bytes
500
2026-05-10T23:04:28Z scan=340 nodes=113 http=curl: (23) client returned ERROR on write of 49 bytes
500
2026-05-10T23:05:03Z scan=341 nodes=113 http=curl: (23) client returned ERROR on write of 49 bytes
500
2026-05-10T23:05:38Z scan=342 nodes=113 http=curl: (23) client returned ERROR on write of 49 bytes
500
2026-05-10T23:06:13Z scan=343 nodes=113 http=curl: (23) client returned ERROR on write of 49 bytes
500
2026-05-10T23:06:48Z scan=344 nodes=113 http=curl: (23) client returned ERROR on write of 49 bytes
500
2026-05-10T23:07:24Z scan=345 nodes=113 http=curl: (23) client returned ERROR on write of 49 bytes
500
2026-05-10T23:07:59Z scan=346 nodes=113 http=curl: (23) client returned ERROR on write of 49 bytes
500
2026-05-10T23:08:34Z scan=347 nodes=113 http=curl: (23) client returned ERROR on write of 49 bytes
500
2026-05-10T23:09:09Z scan=348 nodes=113 http=curl: (23) client returned ERROR on write of 49 bytes
500
2026-05-10T23:09:44Z scan=349 nodes=113 http=curl: (23) client returned ERROR on write of 49 bytes
500
2026-05-10T23:10:19Z scan=350 nodes=113 http=curl: (23) client returned ERROR on write of 49 bytes
500
2026-05-10T23:10:54Z scan=351 nodes=113 http=curl: (23) client returned ERROR on write of 49 bytes
500
2026-05-10T23:11:29Z scan=352 nodes=113 http=curl: (23) client returned ERROR on write of 49 bytes
500
2026-05-10T23:12:04Z scan=353 nodes=113 http=curl: (23) client returned ERROR on write of 49 bytes
500
2026-05-10T23:12:39Z scan=354 nodes=113 http=curl: (23) client returned ERROR on write of 49 bytes
500
2026-05-10T23:13:14Z scan=355 nodes=113 http=curl: (23) client returned ERROR on write of 49 bytes
500
2026-05-10T23:13:49Z scan=356 nodes=113 http=curl: (23) client returned ERROR on write of 49 bytes
500
2026-05-10T23:14:24Z scan=357 nodes=113 http=curl: (23) client returned ERROR on write of 49 bytes
500
2026-05-10T23:14:59Z scan=358 nodes=113 http=curl: (23) client returned ERROR on write of 49 bytes
500
2026-05-10T23:15:34Z scan=359 nodes=113 http=curl: (23) client returned ERROR on write of 49 bytes
500
2026-05-10T23:16:10Z scan=360 nodes=113 http=curl: (23) client returned ERROR on write of 49 bytes
500
2026-05-10T23:16:45Z scan=361 nodes=113 http=curl: (23) client returned ERROR on write of 49 bytes
500
2026-05-10T23:17:20Z scan=362 nodes=113 http=curl: (23) client returned ERROR on write of 49 bytes
500
2026-05-10T23:17:55Z scan=363 nodes=113 http=curl: (23) client returned ERROR on write of 49 bytes
500
2026-05-10T23:18:30Z scan=364 nodes=113 http=curl: (23) client returned ERROR on write of 49 bytes
500
2026-05-10T23:19:05Z scan=365 nodes=113 http=curl: (23) client returned ERROR on write of 49 bytes
500
2026-05-10T23:19:40Z scan=366 nodes=113 http=curl: (23) client returned ERROR on write of 49 bytes
500
2026-05-10T23:20:15Z scan=367 nodes=113 http=curl: (23) client returned ERROR on write of 49 bytes
500
2026-05-10T23:20:50Z scan=368 nodes=113 http=curl: (23) client returned ERROR on write of 49 bytes
500
2026-05-10T23:21:25Z scan=369 nodes=113 http=curl: (23) client returned ERROR on write of 49 bytes
500
2026-05-10T23:22:00Z scan=370 nodes=113 http=curl: (23) client returned ERROR on write of 49 bytes
500
2026-05-10T23:22:35Z scan=371 nodes=113 http=curl: (23) client returned ERROR on write of 49 bytes
500
2026-05-10T23:23:11Z scan=372 nodes=113 http=curl: (23) client returned ERROR on write of 49 bytes
500
2026-05-10T23:23:46Z scan=373 nodes=113 http=curl: (23) client returned ERROR on write of 49 bytes
500
2026-05-10T23:24:21Z scan=374 nodes=113 http=curl: (23) client returned ERROR on write of 49 bytes
500
2026-05-10T23:24:56Z scan=375 nodes=113 http=curl: (23) client returned ERROR on write of 49 bytes
500
2026-05-10T23:25:31Z scan=376 nodes=113 http=curl: (23) client returned ERROR on write of 49 bytes
500
2026-05-10T23:26:06Z scan=377 nodes=113 http=curl: (23) client returned ERROR on write of 49 bytes
500
2026-05-10T23:26:41Z scan=378 nodes=113 http=curl: (23) client returned ERROR on write of 49 bytes
500
2026-05-10T23:27:16Z scan=379 nodes=113 http=curl: (23) client returned ERROR on write of 49 bytes
500
2026-05-10T23:27:51Z scan=380 nodes=113 http=curl: (23) client returned ERROR on write of 49 bytes
500
2026-05-10T23:28:26Z scan=381 nodes=113 http=curl: (23) client returned ERROR on write of 49 bytes
500
2026-05-10T23:29:01Z scan=382 nodes=113 http=curl: (23) client returned ERROR on write of 49 bytes
500
2026-05-10T23:29:36Z scan=383 nodes=113 http=curl: (23) client returned ERROR on write of 49 bytes
500
2026-05-10T23:30:11Z scan=384 nodes=113 http=curl: (23) client returned ERROR on write of 49 bytes
500
2026-05-10T23:30:46Z scan=385 nodes=113 http=curl: (23) client returned ERROR on write of 49 bytes
500
2026-05-10T23:31:21Z scan=386 nodes=113 http=curl: (23) client returned ERROR on write of 49 bytes
500
2026-05-10T23:31:57Z scan=387 nodes=113 http=curl: (23) client returned ERROR on write of 49 bytes
500
2026-05-10T23:32:32Z scan=388 nodes=113 http=curl: (23) client returned ERROR on write of 49 bytes
500
2026-05-10T23:33:07Z scan=389 nodes=113 http=curl: (23) client returned ERROR on write of 49 bytes
500
2026-05-10T23:33:43Z scan=390 nodes=113 http=curl: (23) client returned ERROR on write of 49 bytes
500
2026-05-10T23:34:18Z scan=391 nodes=113 http=curl: (23) client returned ERROR on write of 49 bytes
500
2026-05-10T23:34:53Z scan=392 nodes=113 http=curl: (23) client returned ERROR on write of 49 bytes
500
2026-05-10T23:35:28Z scan=393 nodes=113 http=curl: (23) client returned ERROR on write of 49 bytes
500
2026-05-10T23:36:03Z scan=394 nodes=113 http=curl: (23) client returned ERROR on write of 49 bytes
500
2026-05-10T23:36:38Z scan=395 nodes=113 http=curl: (23) client returned ERROR on write of 49 bytes
500
2026-05-10T23:37:13Z scan=396 nodes=113 http=curl: (23) client returned ERROR on write of 49 bytes
500
2026-05-10T23:37:48Z scan=397 nodes=113 http=curl: (23) client returned ERROR on write of 49 bytes
500
2026-05-10T23:38:23Z scan=398 nodes=114 http=curl: (23) client returned ERROR on write of 49 bytes
500
2026-05-10T23:38:58Z scan=399 nodes=114 http=curl: (23) client returned ERROR on write of 49 bytes
500
2026-05-10T23:39:33Z scan=400 nodes=114 http=curl: (23) client returned ERROR on write of 49 bytes
500
2026-05-10T23:40:09Z scan=401 nodes=114 http=curl: (23) client returned ERROR on write of 49 bytes
500
2026-05-10T23:40:44Z scan=402 nodes=114 http=curl: (23) client returned ERROR on write of 49 bytes
500
2026-05-10T23:41:19Z scan=403 nodes=114 http=curl: (23) client returned ERROR on write of 49 bytes
500
2026-05-10T23:41:55Z scan=404 nodes=114 http=curl: (23) client returned ERROR on write of 49 bytes
500
2026-05-10T23:42:30Z scan=405 nodes=114 http=curl: (23) client returned ERROR on write of 49 bytes
500
2026-05-10T23:43:06Z scan=406 nodes=114 http=curl: (23) client returned ERROR on write of 49 bytes
500
2026-05-10T23:43:44Z scan=407 nodes=114 http=curl: (23) client returned ERROR on write of 49 bytes
500
2026-05-10T23:44:20Z scan=408 nodes=114 http=curl: (23) client returned ERROR on write of 49 bytes
500
2026-05-10T23:44:57Z scan=409 nodes=114 http=curl: (23) client returned ERROR on write of 49 bytes
500
2026-05-10T23:45:33Z scan=410 nodes=114 http=curl: (23) client returned ERROR on write of 49 bytes
500
2026-05-10T23:46:10Z scan=411 nodes=114 http=curl: (23) client returned ERROR on write of 49 bytes
500
2026-05-10T23:46:46Z scan=412 nodes=114 http=curl: (23) client returned ERROR on write of 49 bytes
500
2026-05-10T23:47:21Z scan=413 nodes=114 http=curl: (23) client returned ERROR on write of 49 bytes
500
2026-05-10T23:47:56Z scan=414 nodes=114 http=curl: (23) client returned ERROR on write of 49 bytes
500
2026-05-10T23:48:31Z scan=415 nodes=114 http=curl: (23) client returned ERROR on write of 49 bytes
500
2026-05-10T23:49:06Z scan=416 nodes=114 http=curl: (23) client returned ERROR on write of 49 bytes
500
2026-05-10T23:49:41Z scan=417 nodes=114 http=curl: (23) client returned ERROR on write of 49 bytes
500
2026-05-10T23:50:16Z scan=418 nodes=114 http=curl: (23) client returned ERROR on write of 49 bytes
500
2026-05-10T23:50:52Z scan=419 nodes=114 http=curl: (23) client returned ERROR on write of 49 bytes
500
2026-05-10T23:51:27Z scan=420 nodes=114 http=curl: (23) client returned ERROR on write of 49 bytes
500
2026-05-10T23:52:02Z scan=421 nodes=114 http=curl: (23) client returned ERROR on write of 49 bytes
500
2026-05-10T23:52:37Z scan=422 nodes=114 http=curl: (23) client returned ERROR on write of 49 bytes
500
2026-05-10T23:53:12Z scan=423 nodes=114 http=curl: (23) client returned ERROR on write of 49 bytes
500
2026-05-10T23:53:47Z scan=424 nodes=114 http=curl: (23) client returned ERROR on write of 49 bytes
500
2026-05-10T23:54:22Z scan=425 nodes=114 http=curl: (23) client returned ERROR on write of 49 bytes
500
2026-05-10T23:54:57Z scan=426 nodes=114 http=curl: (23) client returned ERROR on write of 49 bytes
500
2026-05-10T23:55:33Z scan=427 nodes=114 http=curl: (23) client returned ERROR on write of 49 bytes
500
2026-05-10T23:56:08Z scan=428 nodes=114 http=curl: (23) client returned ERROR on write of 49 bytes
500
2026-05-10T23:56:43Z scan=429 nodes=114 http=curl: (23) client returned ERROR on write of 49 bytes
500
2026-05-10T23:57:18Z scan=430 nodes=114 http=curl: (23) client returned ERROR on write of 49 bytes
500
2026-05-10T23:57:53Z scan=431 nodes=114 http=curl: (23) client returned ERROR on write of 49 bytes
500
2026-05-10T23:58:28Z scan=432 nodes=114 http=curl: (23) client returned ERROR on write of 49 bytes
500
2026-05-10T23:59:03Z scan=433 nodes=114 http=curl: (23) client returned ERROR on write of 49 bytes
500
2026-05-10T23:59:38Z scan=434 nodes=114 http=curl: (23) client returned ERROR on write of 49 bytes
500
2026-05-11T00:00:13Z scan=435 nodes=114 http=curl: (23) client returned ERROR on write of 49 bytes
500
2026-05-11T00:00:49Z scan=436 nodes=114 http=curl: (23) client returned ERROR on write of 49 bytes
500
2026-05-11T00:01:24Z scan=437 nodes=114 http=curl: (23) client returned ERROR on write of 49 bytes
500
2026-05-11T00:01:59Z scan=438 nodes=114 http=curl: (23) client returned ERROR on write of 49 bytes
500
2026-05-11T00:02:34Z scan=439 nodes=114 http=curl: (23) client returned ERROR on write of 49 bytes
500
2026-05-11T00:03:09Z scan=440 nodes=114 http=curl: (23) client returned ERROR on write of 49 bytes
500
2026-05-11T00:03:44Z scan=441 nodes=114 http=curl: (23) client returned ERROR on write of 49 bytes
500
2026-05-11T00:04:19Z scan=442 nodes=114 http=curl: (23) client returned ERROR on write of 49 bytes
500
2026-05-11T00:04:54Z scan=443 nodes=114 http=curl: (23) client returned ERROR on write of 49 bytes
500
2026-05-11T00:05:29Z scan=444 nodes=114 http=curl: (23) client returned ERROR on write of 49 bytes
500
2026-05-11T00:06:04Z scan=445 nodes=114 http=curl: (23) client returned ERROR on write of 49 bytes
500
2026-05-11T00:06:39Z scan=446 nodes=114 http=curl: (23) client returned ERROR on write of 49 bytes
500
2026-05-11T00:07:14Z scan=447 nodes=114 http=curl: (23) client returned ERROR on write of 49 bytes
500
2026-05-11T00:07:49Z scan=448 nodes=114 http=curl: (23) client returned ERROR on write of 49 bytes
500
2026-05-11T00:08:24Z scan=449 nodes=114 http=curl: (23) client returned ERROR on write of 49 bytes
500
2026-05-11T00:08:59Z scan=450 nodes=114 http=curl: (23) client returned ERROR on write of 49 bytes
500
2026-05-11T00:09:34Z scan=451 nodes=114 http=curl: (23) client returned ERROR on write of 49 bytes
500
2026-05-11T00:10:10Z scan=452 nodes=114 http=curl: (23) client returned ERROR on write of 49 bytes
500
2026-05-11T00:10:45Z scan=453 nodes=114 http=curl: (23) client returned ERROR on write of 49 bytes
500
2026-05-11T00:11:20Z scan=454 nodes=114 http=curl: (23) client returned ERROR on write of 49 bytes
500
2026-05-11T00:11:55Z scan=455 nodes=114 http=curl: (23) client returned ERROR on write of 49 bytes
500
2026-05-11T00:12:30Z scan=456 nodes=114 http=curl: (23) client returned ERROR on write of 49 bytes
500
2026-05-11T00:13:05Z scan=457 nodes=114 http=curl: (23) client returned ERROR on write of 49 bytes
500
2026-05-11T00:13:40Z scan=458 nodes=114 http=curl: (23) client returned ERROR on write of 49 bytes
500
2026-05-11T00:14:15Z scan=459 nodes=114 http=curl: (23) client returned ERROR on write of 49 bytes
500
2026-05-11T00:14:50Z scan=460 nodes=114 http=curl: (23) client returned ERROR on write of 49 bytes
500
2026-05-11T00:15:25Z scan=461 nodes=114 http=curl: (23) client returned ERROR on write of 49 bytes
500
2026-05-11T00:16:00Z scan=462 nodes=114 http=curl: (23) client returned ERROR on write of 49 bytes
500
2026-05-11T00:16:35Z scan=463 nodes=114 http=curl: (23) client returned ERROR on write of 49 bytes
500
2026-05-11T00:17:10Z scan=464 nodes=114 http=curl: (23) client returned ERROR on write of 49 bytes
500
2026-05-11T00:17:45Z scan=465 nodes=114 http=curl: (23) client returned ERROR on write of 49 bytes
500
2026-05-11T00:18:20Z scan=466 nodes=114 http=curl: (23) client returned ERROR on write of 49 bytes
500
2026-05-11T00:18:55Z scan=467 nodes=114 http=curl: (23) client returned ERROR on write of 49 bytes
500
2026-05-11T00:19:31Z scan=468 nodes=114 http=curl: (23) client returned ERROR on write of 49 bytes
500
2026-05-11T00:20:06Z scan=469 nodes=114 http=curl: (23) client returned ERROR on write of 49 bytes
500
2026-05-11T00:20:41Z scan=470 nodes=114 http=curl: (23) client returned ERROR on write of 49 bytes
500
2026-05-11T00:21:16Z scan=471 nodes=114 http=curl: (23) client returned ERROR on write of 49 bytes
500
2026-05-11T00:21:51Z scan=472 nodes=114 http=curl: (23) client returned ERROR on write of 49 bytes
500
2026-05-11T00:22:26Z scan=473 nodes=114 http=curl: (23) client returned ERROR on write of 49 bytes
500
2026-05-11T00:23:01Z scan=474 nodes=114 http=curl: (23) client returned ERROR on write of 49 bytes
500
2026-05-11T00:23:36Z scan=475 nodes=114 http=curl: (23) client returned ERROR on write of 49 bytes
500
2026-05-11T00:24:11Z scan=476 nodes=114 http=curl: (23) client returned ERROR on write of 49 bytes
500
2026-05-11T00:24:46Z scan=477 nodes=114 http=curl: (23) client returned ERROR on write of 49 bytes
500
2026-05-11T00:25:22Z scan=478 nodes=114 http=curl: (23) client returned ERROR on write of 49 bytes
500
2026-05-11T00:25:57Z scan=479 nodes=114 http=curl: (23) client returned ERROR on write of 49 bytes
500
2026-05-11T00:26:32Z scan=480 nodes=114 http=curl: (23) client returned ERROR on write of 49 bytes
500
2026-05-11T00:27:07Z scan=481 nodes=114 http=curl: (23) client returned ERROR on write of 49 bytes
500
2026-05-11T00:27:42Z scan=482 nodes=114 http=curl: (23) client returned ERROR on write of 49 bytes
500
2026-05-11T00:28:17Z scan=483 nodes=114 http=curl: (23) client returned ERROR on write of 49 bytes
500
2026-05-11T00:28:52Z scan=484 nodes=114 http=curl: (23) client returned ERROR on write of 49 bytes
500
2026-05-11T00:29:27Z scan=485 nodes=114 http=curl: (23) client returned ERROR on write of 49 bytes
500
2026-05-11T00:30:02Z scan=486 nodes=114 http=curl: (23) client returned ERROR on write of 49 bytes
500
2026-05-11T00:30:37Z scan=487 nodes=114 http=curl: (23) client returned ERROR on write of 49 bytes
500
2026-05-11T00:31:12Z scan=488 nodes=114 http=curl: (23) client returned ERROR on write of 49 bytes
500
2026-05-11T00:31:48Z scan=489 nodes=114 http=curl: (23) client returned ERROR on write of 49 bytes
500
2026-05-11T00:32:23Z scan=490 nodes=114 http=curl: (23) client returned ERROR on write of 49 bytes
500
2026-05-11T00:32:58Z scan=491 nodes=114 http=curl: (23) client returned ERROR on write of 49 bytes
500
2026-05-11T00:33:33Z scan=492 nodes=114 http=curl: (23) client returned ERROR on write of 49 bytes
500
2026-05-11T00:34:08Z scan=493 nodes=114 http=curl: (23) client returned ERROR on write of 49 bytes
500
2026-05-11T00:34:43Z scan=494 nodes=114 http=curl: (23) client returned ERROR on write of 49 bytes
500
2026-05-11T00:35:18Z scan=495 nodes=114 http=curl: (23) client returned ERROR on write of 49 bytes
500
2026-05-11T00:35:53Z scan=496 nodes=114 http=curl: (23) client returned ERROR on write of 49 bytes
500
2026-05-11T00:36:28Z scan=497 nodes=114 http=curl: (23) client returned ERROR on write of 49 bytes
500
2026-05-11T00:37:03Z scan=498 nodes=114 http=curl: (23) client returned ERROR on write of 49 bytes
500
2026-05-11T00:37:38Z scan=499 nodes=114 http=curl: (23) client returned ERROR on write of 49 bytes
500
2026-05-11T00:38:13Z scan=500 nodes=114 http=curl: (23) client returned ERROR on write of 49 bytes
500
2026-05-11T00:38:48Z scan=501 nodes=114 http=curl: (23) client returned ERROR on write of 49 bytes
500
2026-05-11T00:39:23Z scan=502 nodes=114 http=curl: (23) client returned ERROR on write of 49 bytes
500
2026-05-11T00:39:58Z scan=503 nodes=114 http=curl: (23) client returned ERROR on write of 49 bytes
500
2026-05-11T00:40:34Z scan=504 nodes=114 http=curl: (23) client returned ERROR on write of 49 bytes
500
2026-05-11T00:41:09Z scan=505 nodes=114 http=curl: (23) client returned ERROR on write of 49 bytes
500
2026-05-11T00:41:44Z scan=506 nodes=114 http=curl: (23) client returned ERROR on write of 49 bytes
500
2026-05-11T00:42:19Z scan=507 nodes=114 http=curl: (23) client returned ERROR on write of 49 bytes
500
2026-05-11T00:42:54Z scan=508 nodes=114 http=curl: (23) client returned ERROR on write of 49 bytes
500
2026-05-11T00:43:29Z scan=509 nodes=114 http=curl: (23) client returned ERROR on write of 49 bytes
500
2026-05-11T00:44:04Z scan=510 nodes=114 http=curl: (23) client returned ERROR on write of 49 bytes
500
2026-05-11T00:44:39Z scan=511 nodes=114 http=curl: (23) client returned ERROR on write of 49 bytes
500
2026-05-11T00:45:14Z scan=512 nodes=114 http=curl: (23) client returned ERROR on write of 49 bytes
500
2026-05-11T00:45:49Z scan=513 nodes=114 http=curl: (23) client returned ERROR on write of 49 bytes
500
2026-05-11T00:46:24Z scan=514 nodes=114 http=curl: (23) client returned ERROR on write of 49 bytes
500
2026-05-11T00:46:59Z scan=515 nodes=114 http=curl: (23) client returned ERROR on write of 49 bytes
500
2026-05-11T00:47:35Z scan=516 nodes=114 http=curl: (23) client returned ERROR on write of 49 bytes
500
2026-05-11T00:48:10Z scan=517 nodes=114 http=curl: (23) client returned ERROR on write of 49 bytes
500
2026-05-11T00:48:45Z scan=518 nodes=114 http=curl: (23) client returned ERROR on write of 49 bytes
500
2026-05-11T00:49:20Z scan=519 nodes=114 http=curl: (23) client returned ERROR on write of 49 bytes
500
2026-05-11T00:49:55Z scan=520 nodes=114 http=curl: (23) client returned ERROR on write of 49 bytes
500
2026-05-11T00:50:30Z scan=521 nodes=114 http=curl: (23) client returned ERROR on write of 49 bytes
500
2026-05-11T00:51:05Z scan=522 nodes=114 http=curl: (23) client returned ERROR on write of 49 bytes
500
2026-05-11T00:51:40Z scan=523 nodes=114 http=curl: (23) client returned ERROR on write of 49 bytes
500
2026-05-11T00:52:15Z scan=524 nodes=114 http=curl: (23) client returned ERROR on write of 49 bytes
500
2026-05-11T00:52:51Z scan=525 nodes=114 http=curl: (23) client returned ERROR on write of 49 bytes
500
2026-05-11T00:53:26Z scan=526 nodes=114 http=curl: (23) client returned ERROR on write of 49 bytes
500
2026-05-11T00:54:02Z scan=527 nodes=114 http=curl: (23) client returned ERROR on write of 49 bytes
500
2026-05-11T00:54:37Z scan=528 nodes=114 http=curl: (23) client returned ERROR on write of 49 bytes
500
2026-05-11T00:55:12Z scan=529 nodes=114 http=curl: (23) client returned ERROR on write of 49 bytes
500
2026-05-11T00:55:47Z scan=530 nodes=114 http=curl: (23) client returned ERROR on write of 49 bytes
500
2026-05-11T00:56:22Z scan=531 nodes=114 http=curl: (23) client returned ERROR on write of 49 bytes
500
2026-05-11T00:56:57Z scan=532 nodes=114 http=curl: (23) client returned ERROR on write of 49 bytes
500
2026-05-11T00:57:32Z scan=533 nodes=114 http=curl: (23) client returned ERROR on write of 49 bytes
500
2026-05-11T00:58:08Z scan=534 nodes=114 http=curl: (23) client returned ERROR on write of 49 bytes
500
2026-05-11T00:58:43Z scan=535 nodes=114 http=curl: (23) client returned ERROR on write of 49 bytes
500
2026-05-11T00:59:18Z scan=536 nodes=114 http=curl: (23) client returned ERROR on write of 49 bytes
500
2026-05-11T00:59:53Z scan=537 nodes=114 http=curl: (23) client returned ERROR on write of 49 bytes
500
2026-05-11T01:00:28Z scan=538 nodes=114 http=curl: (23) client returned ERROR on write of 49 bytes
500
2026-05-11T01:01:03Z scan=539 nodes=114 http=curl: (23) client returned ERROR on write of 49 bytes
500
2026-05-11T01:01:39Z scan=540 nodes=114 http=curl: (23) client returned ERROR on write of 49 bytes
500
2026-05-11T01:02:14Z scan=541 nodes=114 http=curl: (23) client returned ERROR on write of 49 bytes
500
2026-05-11T01:02:49Z scan=542 nodes=114 http=curl: (23) client returned ERROR on write of 49 bytes
500
2026-05-11T01:03:24Z scan=543 nodes=114 http=curl: (23) client returned ERROR on write of 49 bytes
500
2026-05-11T01:03:59Z scan=544 nodes=114 http=curl: (23) client returned ERROR on write of 49 bytes
500
